M:\XPERDEX\DIRECTSHOWWINDOW\BASECLASSES\DEBUG\OUTPUTQ.OBJ
M:\XPERDEX\DIRECTSHOWWINDOW\BASECLASSES\DEBUG\PERFLOG.OBJ
M:\XPERDEX\DIRECTSHOWWINDOW\BASECLASSES\DEBUG\PSTREAM.OBJ
M:\XPERDEX\DIRECTSHOWWINDOW\BASECLASSES\DEBUG\PULLPIN.OBJ
M:\XPERDEX\DIRECTSHOWWINDOW\BASECLASSES\DEBUG\REFCLOCK.OBJ
M:\XPERDEX\DIRECTSHOWWINDOW\BASECLASSES\DEBUG\RENBASE.OBJ
M:\XPERDEX\DIRECTSHOWWINDOW\BASECLASSES\DEBUG\SCHEDULE.OBJ
M:\XPERDEX\DIRECTSHOWWINDOW\BASECLASSES\DEBUG\SEEKPT.OBJ
M:\XPERDEX\DIRECTSHOWWINDOW\BASECLASSES\DEBUG\SOURCE.OBJ
M:\XPERDEX\DIRECTSHOWWINDOW\BASECLASSES\DEBUG\STRMCTL.OBJ
M:\XPERDEX\DIRECTSHOWWINDOW\BASECLASSES\DEBUG\SYSCLOCK.OBJ
M:\XPERDEX\DIRECTSHOWWINDOW\BASECLASSES\DEBUG\TRANSFRM.OBJ
M:\XPERDEX\DIRECTSHOWWINDOW\BASECLASSES\DEBUG\TRANSIP.OBJ
M:\XPERDEX\DIRECTSHOWWINDOW\BASECLASSES\DEBUG\VIDEOCTL.OBJ
M:\XPERDEX\DIRECTSHOWWINDOW\BASECLASSES\DEBUG\VTRANS.OBJ
M:\XPERDEX\DIRECTSHOWWINDOW\BASECLASSES\DEBUG\WINCTRL.OBJ
M:\XPERDEX\DIRECTSHOWWINDOW\BASECLASSES\DEBUG\WINUTIL.OBJ
M:\XPERDEX\DIRECTSHOWWINDOW\BASECLASSES\DEBUG\WXDEBUG.OBJ
M:\XPERDEX\DIRECTSHOWWINDOW\BASECLASSES\DEBUG\WXLIST.OBJ
M:\XPERDEX\DIRECTSHOWWINDOW\BASECLASSES\DEBUG\WXUTIL.OBJ
M:\XPERDEX\DIRECTSHOWWINDOW\BASECLASSES\DEBUG\AMEXTRA.OBJ
M:\XPERDEX\DIRECTSHOWWINDOW\BASECLASSES\DEBUG\AMFILTER.OBJ
M:\XPERDEX\DIRECTSHOWWINDOW\BASECLASSES\DEBUG\AMVIDEO.OBJ
M:\XPERDEX\DIRECTSHOWWINDOW\BASECLASSES\DEBUG\ARITHUTIL.OBJ
M:\XPERDEX\DIRECTSHOWWINDOW\BASECLASSES\DEBUG\COMBASE.OBJ
M:\XPERDEX\DIRECTSHOWWINDOW\BASECLASSES\DEBUG\CPROP.OBJ
M:\XPERDEX\DIRECTSHOWWINDOW\BASECLASSES\DEBUG\CTLUTIL.OBJ
M:\XPERDEX\DIRECTSHOWWINDOW\BASECLASSES\DEBUG\DDMM.OBJ
M:\XPERDEX\DIRECTSHOWWINDOW\BASECLASSES\DEBUG\DLLENTRY.OBJ
M:\XPERDEX\DIRECTSHOWWINDOW\BASECLASSES\DEBUG\DLLSETUP.OBJ
M:\XPERDEX\DIRECTSHOWWINDOW\BASECLASSES\DEBUG\MTYPE.OBJ
M:\XPERDEX\DIRECTSHOWWINDOW\BASECLASSES\DEBUG\VC110.PDB
M:\XPERDEX\DIRECTSHOWWINDOW\BASECLASSES\DEBUG\STRMBASD.LIB
M:\xperdex\DirectShowWindow\baseclasses\Debug\amextra.obj
M:\xperdex\DirectShowWindow\baseclasses\Debug\amfilter.obj
M:\xperdex\DirectShowWindow\baseclasses\Debug\amvideo.obj
M:\xperdex\DirectShowWindow\baseclasses\Debug\arithutil.obj
M:\xperdex\DirectShowWindow\baseclasses\Debug\combase.obj
M:\xperdex\DirectShowWindow\baseclasses\Debug\cprop.obj
M:\xperdex\DirectShowWindow\baseclasses\Debug\ctlutil.obj
M:\xperdex\DirectShowWindow\baseclasses\Debug\ddmm.obj
M:\xperdex\DirectShowWindow\baseclasses\Debug\dllentry.obj
M:\xperdex\DirectShowWindow\baseclasses\Debug\dllsetup.obj
M:\xperdex\DirectShowWindow\baseclasses\Debug\mtype.obj
M:\xperdex\DirectShowWindow\baseclasses\Debug\outputq.obj
M:\xperdex\DirectShowWindow\baseclasses\Debug\perflog.obj
M:\xperdex\DirectShowWindow\baseclasses\Debug\pstream.obj
M:\xperdex\DirectShowWindow\baseclasses\Debug\pullpin.obj
M:\xperdex\DirectShowWindow\baseclasses\Debug\refclock.obj
M:\xperdex\DirectShowWindow\baseclasses\Debug\renbase.obj
M:\xperdex\DirectShowWindow\baseclasses\Debug\schedule.obj
M:\xperdex\DirectShowWindow\baseclasses\Debug\seekpt.obj
M:\xperdex\DirectShowWindow\baseclasses\Debug\source.obj
M:\xperdex\DirectShowWindow\baseclasses\Debug\strmctl.obj
M:\xperdex\DirectShowWindow\baseclasses\Debug\sysclock.obj
M:\xperdex\DirectShowWindow\baseclasses\Debug\transfrm.obj
M:\xperdex\DirectShowWindow\baseclasses\Debug\transip.obj
M:\xperdex\DirectShowWindow\baseclasses\Debug\videoctl.obj
M:\xperdex\DirectShowWindow\baseclasses\Debug\vtrans.obj
M:\xperdex\DirectShowWindow\baseclasses\Debug\winctrl.obj
M:\xperdex\DirectShowWindow\baseclasses\Debug\winutil.obj
M:\xperdex\DirectShowWindow\baseclasses\Debug\wxdebug.obj
M:\xperdex\DirectShowWindow\baseclasses\Debug\wxlist.obj
M:\xperdex\DirectShowWindow\baseclasses\Debug\wxutil.obj
M:\xperdex\DirectShowWindow\baseclasses\Debug\cl.command.1.tlog
M:\xperdex\DirectShowWindow\baseclasses\Debug\CL.read.1.tlog
M:\xperdex\DirectShowWindow\baseclasses\Debug\CL.write.1.tlog
M:\xperdex\DirectShowWindow\baseclasses\Debug\Lib-link.read.1.tlog
M:\xperdex\DirectShowWindow\baseclasses\Debug\Lib-link.write.1.tlog
M:\xperdex\DirectShowWindow\baseclasses\Debug\lib.command.1.tlog
M:\xperdex\DirectShowWindow\baseclasses\Debug\vc110.idb
M:\xperdex\DirectShowWindow\baseclasses\Debug\vc110.pdb
